<?xml version="1.0" encoding="UTF-8"?>
<!-- Generated by org.testng.reporters.JUnitReportReporter -->
<testsuite hostname="ML02W7U" name="smokeTests.SmokeTest_Navigation" tests="3" failures="0" timestamp="22 May 2013 15:31:31 GMT" time="183.599" errors="0">
  <testcase name="test03_Mobile_LogOff" time="13.240" classname="smokeTests.SmokeTest_Navigation"/>
  <testcase name="test01_Mobile_Login" time="13.729" classname="smokeTests.SmokeTest_Navigation"/>
  <testcase name="test02_testSeTestTCSpeedSearchGeneral" time="156.630" classname="smokeTests.SmokeTest_Navigation"/>
</testsuite> <!-- smokeTests.SmokeTest_Navigation -->
