<?xml version="1.0" encoding="UTF-8"?>
<!-- Generated by org.testng.reporters.JUnitReportReporter -->
<testsuite hostname="ML02W7U" name="argos.saleslogix.selenium.test.UnitTestX" tests="5" failures="0" timestamp="18 Jun 2013 03:53:30 GMT" time="52.251" errors="0">
  <testcase name="test14_SeTestTCGlobalMenuItemCheck" time="2.644" classname="argos.saleslogix.selenium.test.UnitTestX"/>
  <testcase name="test00_Mobile_Login" time="20.055" classname="argos.saleslogix.selenium.test.UnitTestX"/>
  <testcase name="test15_SeTestTCGlobalMenuSearchAttachments" time="2.875" classname="argos.saleslogix.selenium.test.UnitTestX"/>
  <testcase name="test99_Mobile_LogOut" time="9.421" classname="argos.saleslogix.selenium.test.UnitTestX"/>
  <testcase name="test13_SeTestTCGlobalMenuEditTicketActivitiesScreens" time="17.256" classname="argos.saleslogix.selenium.test.UnitTestX"/>
</testsuite> <!-- argos.saleslogix.selenium.test.UnitTestX -->
