<?xml version="1.0" encoding="UTF-8"?>
<!-- Generated by org.testng.reporters.JUnitReportReporter -->
<testsuite hostname="ML02W7U" name="argos.saleslogix.selenium.test.UnitTest" tests="2" failures="0" timestamp="18 Jun 2013 15:06:24 GMT" time="31.504" errors="0">
  <testcase name="test99_Mobile_LogOut" time="11.774" classname="argos.saleslogix.selenium.test.UnitTest"/>
  <testcase name="test00_Mobile_Login" time="19.730" classname="argos.saleslogix.selenium.test.UnitTest"/>
</testsuite> <!-- argos.saleslogix.selenium.test.UnitTest -->
