<?xml version="1.0" encoding="UTF-8"?>
<!-- Generated by org.testng.reporters.JUnitReportReporter -->
<testsuite hostname="ML02W7U" name="functionalTests.AttachmentTests" tests="3" failures="0" timestamp="28 May 2013 03:09:01 GMT" time="37.913" errors="0">
  <testcase name="test07_SeTestTCAttachTicketScreens" time="11.084" classname="functionalTests.AttachmentTests"/>
  <testcase name="test00_Mobile_Login" time="13.882" classname="functionalTests.AttachmentTests"/>
  <testcase name="test50_Mobile_LogOut" time="12.947" classname="functionalTests.AttachmentTests"/>
</testsuite> <!-- functionalTests.AttachmentTests -->
