<?xml version="1.0" encoding="UTF-8"?>
<!-- Generated by org.testng.reporters.JUnitReportReporter -->
<testsuite hostname="ML02W7U" name="argos.saleslogix.selenium.test.UnitTest" tests="2" failures="0" timestamp="2 Jul 2013 14:38:07 GMT" time="29.616" errors="0">
  <testcase name="test99_Mobile_LogOut" time="9.482" classname="argos.saleslogix.selenium.test.UnitTest"/>
  <testcase name="test00_Mobile_Login" time="20.134" classname="argos.saleslogix.selenium.test.UnitTest"/>
</testsuite> <!-- argos.saleslogix.selenium.test.UnitTest -->
