<?xml version="1.0" encoding="UTF-8"?>
<!-- Generated by org.testng.reporters.JUnitReportReporter -->
<testsuite hostname="ML02W7U" name="argos.saleslogix.selenium.test.GlobalMenuNavigationTests" tests="17" failures="0" timestamp="21 Jun 2013 22:38:07 GMT" time="218.278" errors="0">
  <testcase name="test14_SeTestTCGlobalMenuItemCheck" time="4.825" classname="argos.saleslogix.selenium.test.GlobalMenuNavigationTests"/>
  <testcase name="test15_SeTestTCGlobalMenuSearchAttachments" time="6.074" classname="argos.saleslogix.selenium.test.GlobalMenuNavigationTests"/>
  <testcase name="test01_SeTestTCGlobalMenuAddAccountContactScreens" time="16.725" classname="argos.saleslogix.selenium.test.GlobalMenuNavigationTests"/>
  <testcase name="test00_Mobile_Login" time="19.661" classname="argos.saleslogix.selenium.test.GlobalMenuNavigationTests"/>
  <testcase name="test03_SeTestTCGlobalMenuDoSpeedSearch" time="5.917" classname="argos.saleslogix.selenium.test.GlobalMenuNavigationTests"/>
  <testcase name="test06_SeTestTCGlobalMenuEditContact" time="10.075" classname="argos.saleslogix.selenium.test.GlobalMenuNavigationTests"/>
  <testcase name="test11_SeTestTCGlobalMenuEditOppProductScreens" time="10.448" classname="argos.saleslogix.selenium.test.GlobalMenuNavigationTests"/>
  <testcase name="test05_SeTestTCGlobalMenuEditActivity" time="17.453" classname="argos.saleslogix.selenium.test.GlobalMenuNavigationTests"/>
  <testcase name="test13_SeTestTCGlobalMenuEditTicketActivitiesScreens" time="12.611" classname="argos.saleslogix.selenium.test.GlobalMenuNavigationTests"/>
  <testcase name="test07_SeTestTCGlobalMenuEditLead" time="12.679" classname="argos.saleslogix.selenium.test.GlobalMenuNavigationTests"/>
  <testcase name="test12_SeTestTCGlobalMenuEditOppTicketScreens" time="18.910" classname="argos.saleslogix.selenium.test.GlobalMenuNavigationTests"/>
  <testcase name="test09_SeTestTCGlobalMenuEditOppContactScreens" time="15.240" classname="argos.saleslogix.selenium.test.GlobalMenuNavigationTests"/>
  <testcase name="test08_SeTestTCGlobalMenuEditNote" time="8.753" classname="argos.saleslogix.selenium.test.GlobalMenuNavigationTests"/>
  <testcase name="test04_SeTestTCGlobalMenuEditAccount" time="11.638" classname="argos.saleslogix.selenium.test.GlobalMenuNavigationTests"/>
  <testcase name="test02_SeTestTCGlobalMenuCompleteActivityScreens" time="19.386" classname="argos.saleslogix.selenium.test.GlobalMenuNavigationTests"/>
  <testcase name="test10_SeTestTCGlobalMenuEditOpportunityScreens" time="15.814" classname="argos.saleslogix.selenium.test.GlobalMenuNavigationTests"/>
  <testcase name="test99_Mobile_LogOut" time="12.069" classname="argos.saleslogix.selenium.test.GlobalMenuNavigationTests"/>
</testsuite> <!-- argos.saleslogix.selenium.test.GlobalMenuNavigationTests -->
