<?xml version="1.0" encoding="UTF-8"?>
<!-- Generated by org.testng.reporters.JUnitReportReporter -->
<testsuite hostname="ML02W7U" name="functionalTests.GlobalMenuNavigationTests" tests="3" failures="0" timestamp="30 May 2013 22:47:25 GMT" time="30.419" errors="0">
  <testcase name="test13_SeTestTCGlobalMenuItemCheckjava" time="1.954" classname="functionalTests.GlobalMenuNavigationTests"/>
  <testcase name="test00_Mobile_Login" time="15.580" classname="functionalTests.GlobalMenuNavigationTests"/>
  <testcase name="test99_Mobile_LogOut" time="12.885" classname="functionalTests.GlobalMenuNavigationTests"/>
</testsuite> <!-- functionalTests.GlobalMenuNavigationTests -->
