<?xml version="1.0" encoding="UTF-8"?>
<!-- Generated by org.testng.reporters.JUnitReportReporter -->
<testsuite hostname="ML02W7U" name="defectFixTests.MobileDefectTests" tests="3" failures="0" timestamp="26 May 2013 19:51:12 GMT" time="103.197" errors="0">
  <testcase name="test28_MobileDefect13091819" time="74.553" classname="defectFixTests.MobileDefectTests"/>
  <testcase name="test50_Mobile_LogOut" time="13.189" classname="defectFixTests.MobileDefectTests"/>
  <testcase name="test00_Mobile_Login" time="15.455" classname="defectFixTests.MobileDefectTests"/>
</testsuite> <!-- defectFixTests.MobileDefectTests -->
