<?xml version="1.0" encoding="UTF-8"?>
<!-- Generated by org.testng.reporters.JUnitReportReporter -->
<testsuite hostname="ML02W7U" name="argos.saleslogix.selenium.test.UnitTestX" tests="11" failures="0" timestamp="17 Jun 2013 19:25:25 GMT" time="116.700" errors="0">
  <testcase name="test15_SeTestTCGlobalMenuSearchAttachments" time="4.487" classname="argos.saleslogix.selenium.test.UnitTestX"/>
  <testcase name="test13_SeTestTCGlobalMenuEditTicketActivitiesScreens" time="9.489" classname="argos.saleslogix.selenium.test.UnitTestX"/>
  <testcase name="test10_SeTestTCGlobalMenuEditOpportunityScreens" time="12.034" classname="argos.saleslogix.selenium.test.UnitTestX"/>
  <testcase name="test11_SeTestTCGlobalMenuEditOppProductScreens" time="9.720" classname="argos.saleslogix.selenium.test.UnitTestX"/>
  <testcase name="test14_SeTestTCGlobalMenuItemCheck" time="3.127" classname="argos.saleslogix.selenium.test.UnitTestX"/>
  <testcase name="test07_SeTestTCGlobalMenuEditLead" time="13.532" classname="argos.saleslogix.selenium.test.UnitTestX"/>
  <testcase name="test00_Mobile_Login" time="19.521" classname="argos.saleslogix.selenium.test.UnitTestX"/>
  <testcase name="test12_SeTestTCGlobalMenuEditOppTicketScreens" time="14.565" classname="argos.saleslogix.selenium.test.UnitTestX"/>
  <testcase name="test06_SeTestTCGlobalMenuEditContact" time="10.720" classname="argos.saleslogix.selenium.test.UnitTestX"/>
  <testcase name="test08_SeTestTCGlobalMenuEditNote" time="7.596" classname="argos.saleslogix.selenium.test.UnitTestX"/>
  <testcase name="test99_Mobile_LogOut" time="11.909" classname="argos.saleslogix.selenium.test.UnitTestX"/>
</testsuite> <!-- argos.saleslogix.selenium.test.UnitTestX -->
